#-----------------------------------------------------------
# Vivado v2017.4 (64-bit)
# SW Build 2086221 on Fri Dec 15 20:55:39 MST 2017
# IP Build 2085800 on Fri Dec 15 22:25:07 MST 2017
# Start of session at: Sun Oct 13 23:31:39 2019
# Process ID: 9512
# Current directory: F:/FPGA_Contest/PPS_que
# Command line: vivado.exe -gui_launcher_event rodinguilauncherevent2536 F:\FPGA_Contest\PPS_que\PPS.xpr
# Log file: F:/FPGA_Contest/PPS_que/vivado.log
# Journal file: F:/FPGA_Contest/PPS_que\vivado.jou
#-----------------------------------------------------------
start_gui
open_project F:/FPGA_Contest/PPS_que/PPS.xpr
Scanning sources...
Finished scanning sources
INFO: [IP_Flow 19-234] Refreshing IP repositories
INFO: [IP_Flow 19-1704] No user IP repositories specified
INFO: [IP_Flow 19-2313] Loaded Vivado IP repository 'E:/vivado.2017/Vivado/2017.4/data/ip'.
open_project: Time (s): cpu = 00:00:17 ; elapsed = 00:00:26 . Memory (MB): peak = 721.453 ; gain = 61.398
update_compile_order -fileset sources_1
