Copyright 1986-2017 Xilinx, Inc. All Rights Reserved.
------------------------------------------------------------------------------------
| Tool Version : Vivado v.2017.4 (win64) Build 2086221 Fri Dec 15 20:55:39 MST 2017
| Date         : Fri Oct  4 10:03:14 2019
| Host         : PC-20180520MDXC running 64-bit Service Pack 1  (build 7601)
| Command      : report_control_sets -verbose -file led_control_sets_placed.rpt
| Design       : led
| Device       : xc7a35t
------------------------------------------------------------------------------------

Control Set Information

Table of Contents
-----------------
1. Summary
2. Flip-Flop Distribution
3. Detailed Control Set Information

1. Summary
----------

+----------------------------------------------------------+-------+
|                          Status                          | Count |
+----------------------------------------------------------+-------+
| Number of unique control sets                            |     4 |
| Unused register locations in slices containing registers |     0 |
+----------------------------------------------------------+-------+


2. Flip-Flop Distribution
-------------------------

+--------------+-----------------------+------------------------+-----------------+--------------+
| Clock Enable | Synchronous Set/Reset | Asynchronous Set/Reset | Total Registers | Total Slices |
+--------------+-----------------------+------------------------+-----------------+--------------+
| No           | No                    | No                     |               8 |            3 |
| No           | No                    | Yes                    |               0 |            0 |
| No           | Yes                   | No                     |               0 |            0 |
| Yes          | No                    | No                     |              48 |           22 |
| Yes          | No                    | Yes                    |               0 |            0 |
| Yes          | Yes                   | No                     |               0 |            0 |
+--------------+-----------------------+------------------------+-----------------+--------------+


3. Detailed Control Set Information
-----------------------------------

+----------------------------+-------------------------+------------------+------------------+----------------+
|        Clock Signal        |      Enable Signal      | Set/Reset Signal | Slice Load Count | Bel Load Count |
+----------------------------+-------------------------+------------------+------------------+----------------+
|  clk_1s_reg_n_0            |                         |                  |                3 |              8 |
|  clk_1s_reg_n_0            | LED_H[7]_i_1_n_0        |                  |                3 |              8 |
|  CLK_IBUF                  | LED_L[7]_i_1_n_0        |                  |                3 |              8 |
|  MY_CLK_400M/inst/clk_out1 | MY_CLK_400M/inst/locked |                  |               16 |             32 |
+----------------------------+-------------------------+------------------+------------------+----------------+


+--------+-----------------------+
| Fanout | Number of ControlSets |
+--------+-----------------------+
| 8      |                     3 |
| 16+    |                     1 |
+--------+-----------------------+


