
*** Running vivado
    with args -log pps_out2.vds -m64 -product Vivado -mode batch -messageDb vivado.pb -notrace -source pps_out2.tcl


****** Vivado v2017.4 (64-bit)
  **** SW Build 2086221 on Fri Dec 15 20:55:39 MST 2017
  **** IP Build 2085800 on Fri Dec 15 22:25:07 MST 2017
    ** Copyright 1986-2017 Xilinx, Inc. All Rights Reserved.

source pps_out2.tcl -notrace
Command: synth_design -top pps_out2 -part xc7a35tcpg236-1
Starting synth_design
Attempting to get a license for feature 'Synthesis' and/or device 'xc7a35t'
INFO: [Common 17-349] Got license for feature 'Synthesis' and/or device 'xc7a35t'
INFO: Launching helper process for spawning children vivado processes
INFO: Helper process launched with PID 2020 
---------------------------------------------------------------------------------
Starting RTL Elaboration : Time (s): cpu = 00:00:09 ; elapsed = 00:00:12 . Memory (MB): peak = 351.254 ; gain = 97.387
---------------------------------------------------------------------------------
INFO: [Synth 8-638] synthesizing module 'pps_out2' [F:/FPGA_Contest_Proj/PPS/PPS.srcs/sources_1/new/pps_out2.v:23]
INFO: [Synth 8-638] synthesizing module 'PPS_out_1hz' [F:/FPGA_Contest_Proj/PPS/PPS.srcs/sources_1/new/PPS.v:23]
	Parameter period bound to: 100000000 - type: integer 
WARNING: [Synth 8-5788] Register clk_1s_reg in module PPS_out_1hz is has both Set and reset with same priority. This may cause simulation mismatches. Consider rewriting code  [F:/FPGA_Contest_Proj/PPS/PPS.srcs/sources_1/new/PPS.v:38]
INFO: [Synth 8-256] done synthesizing module 'PPS_out_1hz' (1#1) [F:/FPGA_Contest_Proj/PPS/PPS.srcs/sources_1/new/PPS.v:23]
INFO: [Synth 8-638] synthesizing module 'clk_wiz_0' [F:/FPGA_Contest_Proj/PPS/PPS.runs/synth_1/.Xil/Vivado-6824-PC-20180520MDXC/realtime/clk_wiz_0_stub.v:5]
INFO: [Synth 8-256] done synthesizing module 'clk_wiz_0' (2#1) [F:/FPGA_Contest_Proj/PPS/PPS.runs/synth_1/.Xil/Vivado-6824-PC-20180520MDXC/realtime/clk_wiz_0_stub.v:5]
INFO: [Synth 8-638] synthesizing module 'pps_adjust_phase' [F:/FPGA_Contest_Proj/PPS/PPS.srcs/sources_1/new/pps_adjust_phase.v:24]
	Parameter NP_NN bound to: 2'b00 
	Parameter YP_NN bound to: 2'b01 
	Parameter NP_YN bound to: 2'b10 
	Parameter YP_YN bound to: 2'b11 
INFO: [Synth 8-226] default block is never used [F:/FPGA_Contest_Proj/PPS/PPS.srcs/sources_1/new/pps_adjust_phase.v:55]
INFO: [Synth 8-226] default block is never used [F:/FPGA_Contest_Proj/PPS/PPS.srcs/sources_1/new/pps_adjust_phase.v:93]
WARNING: [Synth 8-6014] Unused sequential element cnt_T_reg was removed.  [F:/FPGA_Contest_Proj/PPS/PPS.srcs/sources_1/new/pps_adjust_phase.v:96]
INFO: [Synth 8-256] done synthesizing module 'pps_adjust_phase' (3#1) [F:/FPGA_Contest_Proj/PPS/PPS.srcs/sources_1/new/pps_adjust_phase.v:24]
INFO: [Synth 8-256] done synthesizing module 'pps_out2' (4#1) [F:/FPGA_Contest_Proj/PPS/PPS.srcs/sources_1/new/pps_out2.v:23]
WARNING: [Synth 8-3331] design pps_adjust_phase has unconnected port reset
---------------------------------------------------------------------------------
Finished RTL Elaboration : Time (s): cpu = 00:00:11 ; elapsed = 00:00:14 . Memory (MB): peak = 402.805 ; gain = 148.938
---------------------------------------------------------------------------------

Report Check Netlist: 
+------+------------------+-------+---------+-------+------------------+
|      |Item              |Errors |Warnings |Status |Description       |
+------+------------------+-------+---------+-------+------------------+
|1     |multi_driven_nets |      0|        0|Passed |Multi driven nets |
+------+------------------+-------+---------+-------+------------------+
---------------------------------------------------------------------------------
Finished RTL Optimization Phase 1 : Time (s): cpu = 00:00:11 ; elapsed = 00:00:14 . Memory (MB): peak = 402.805 ; gain = 148.938
---------------------------------------------------------------------------------
INFO: [Device 21-403] Loading part xc7a35tcpg236-1
INFO: [Project 1-570] Preparing netlist for logic optimization

Processing XDC Constraints
Initializing timing engine
Parsing XDC File [F:/FPGA_Contest_Proj/PPS/PPS.runs/synth_1/.Xil/Vivado-6824-PC-20180520MDXC/dcp1/clk_wiz_0_in_context.xdc] for cell 'CLK_400_out'
Finished Parsing XDC File [F:/FPGA_Contest_Proj/PPS/PPS.runs/synth_1/.Xil/Vivado-6824-PC-20180520MDXC/dcp1/clk_wiz_0_in_context.xdc] for cell 'CLK_400_out'
Parsing XDC File [F:/FPGA_Contest_Proj/PPS/PPS.srcs/constrs_1/new/pps_xdc.xdc]
Finished Parsing XDC File [F:/FPGA_Contest_Proj/PPS/PPS.srcs/constrs_1/new/pps_xdc.xdc]
INFO: [Project 1-236] Implementation specific constraints were found while reading constraint file [F:/FPGA_Contest_Proj/PPS/PPS.srcs/constrs_1/new/pps_xdc.xdc]. These constraints will be ignored for synthesis but will be used in implementation. Impacted constraints are listed in the file [.Xil/pps_out2_propImpl.xdc].
Resolution: To avoid this warning, move constraints listed in [.Xil/pps_out2_propImpl.xdc] to another XDC file and exclude this new file from synthesis with the used_in_synthesis property (File Properties dialog in GUI) and re-run elaboration/synthesis.
Completed Processing XDC Constraints

INFO: [Project 1-111] Unisim Transformation Summary:
No Unisim elements were transformed.

Constraint Validation Runtime : Time (s): cpu = 00:00:00 ; elapsed = 00:00:00.060 . Memory (MB): peak = 737.602 ; gain = 0.000
---------------------------------------------------------------------------------
Finished Constraint Validation : Time (s): cpu = 00:00:30 ; elapsed = 00:00:44 . Memory (MB): peak = 737.602 ; gain = 483.734
---------------------------------------------------------------------------------
---------------------------------------------------------------------------------
Start Loading Part and Timing Information
---------------------------------------------------------------------------------
Loading part: xc7a35tcpg236-1
---------------------------------------------------------------------------------
Finished Loading Part and Timing Information : Time (s): cpu = 00:00:30 ; elapsed = 00:00:44 . Memory (MB): peak = 737.602 ; gain = 483.734
---------------------------------------------------------------------------------
---------------------------------------------------------------------------------
Start Applying 'set_property' XDC Constraints
---------------------------------------------------------------------------------
Applied set_property IO_BUFFER_TYPE = NONE for CLK. (constraint file  F:/FPGA_Contest_Proj/PPS/PPS.runs/synth_1/.Xil/Vivado-6824-PC-20180520MDXC/dcp1/clk_wiz_0_in_context.xdc, line 3).
Applied set_property CLOCK_BUFFER_TYPE = NONE for CLK. (constraint file  F:/FPGA_Contest_Proj/PPS/PPS.runs/synth_1/.Xil/Vivado-6824-PC-20180520MDXC/dcp1/clk_wiz_0_in_context.xdc, line 4).
Applied set_property DONT_TOUCH = true for CLK_400_out. (constraint file  auto generated constraint, line ).
---------------------------------------------------------------------------------
Finished applying 'set_property' XDC Constraints : Time (s): cpu = 00:00:30 ; elapsed = 00:00:44 . Memory (MB): peak = 737.602 ; gain = 483.734
---------------------------------------------------------------------------------
INFO: [Synth 8-5545] ROM "clk_1s" won't be mapped to RAM because address size (26) is larger than maximum supported(25)
---------------------------------------------------------------------------------
Finished RTL Optimization Phase 2 : Time (s): cpu = 00:00:31 ; elapsed = 00:00:45 . Memory (MB): peak = 737.602 ; gain = 483.734
---------------------------------------------------------------------------------

Report RTL Partitions: 
+-+--------------+------------+----------+
| |RTL Partition |Replication |Instances |
+-+--------------+------------+----------+
+-+--------------+------------+----------+
---------------------------------------------------------------------------------
Start RTL Component Statistics 
---------------------------------------------------------------------------------
Detailed RTL Component Info : 
+---Adders : 
	   2 Input     31 Bit       Adders := 2     
	   2 Input     26 Bit       Adders := 1     
+---Registers : 
	               31 Bit    Registers := 2     
	               26 Bit    Registers := 1     
	                2 Bit    Registers := 2     
	                1 Bit    Registers := 3     
+---Muxes : 
	   4 Input     31 Bit        Muxes := 2     
	   2 Input     26 Bit        Muxes := 1     
	   2 Input      2 Bit        Muxes := 3     
	   6 Input      2 Bit        Muxes := 1     
	   2 Input      1 Bit        Muxes := 2     
---------------------------------------------------------------------------------
Finished RTL Component Statistics 
---------------------------------------------------------------------------------
---------------------------------------------------------------------------------
Start RTL Hierarchical Component Statistics 
---------------------------------------------------------------------------------
Hierarchical RTL Component report 
Module PPS_out_1hz 
Detailed RTL Component Info : 
+---Adders : 
	   2 Input     26 Bit       Adders := 1     
+---Registers : 
	               26 Bit    Registers := 1     
	                1 Bit    Registers := 2     
+---Muxes : 
	   2 Input     26 Bit        Muxes := 1     
	   2 Input      1 Bit        Muxes := 1     
Module pps_adjust_phase 
Detailed RTL Component Info : 
+---Adders : 
	   2 Input     31 Bit       Adders := 2     
+---Registers : 
	               31 Bit    Registers := 2     
	                2 Bit    Registers := 2     
	                1 Bit    Registers := 1     
+---Muxes : 
	   4 Input     31 Bit        Muxes := 2     
	   2 Input      2 Bit        Muxes := 3     
	   6 Input      2 Bit        Muxes := 1     
	   2 Input      1 Bit        Muxes := 1     
---------------------------------------------------------------------------------
Finished RTL Hierarchical Component Statistics
---------------------------------------------------------------------------------
---------------------------------------------------------------------------------
Start Part Resource Summary
---------------------------------------------------------------------------------
Part Resources:
DSPs: 90 (col length:60)
BRAMs: 100 (col length: RAMB18 60 RAMB36 30)
---------------------------------------------------------------------------------
Finished Part Resource Summary
---------------------------------------------------------------------------------
---------------------------------------------------------------------------------
Start Cross Boundary and Area Optimization
---------------------------------------------------------------------------------
INFO: [Synth 8-5545] ROM "pps_1hz/clk_1s" won't be mapped to RAM because address size (26) is larger than maximum supported(25)
---------------------------------------------------------------------------------
Finished Cross Boundary and Area Optimization : Time (s): cpu = 00:00:32 ; elapsed = 00:00:47 . Memory (MB): peak = 737.602 ; gain = 483.734
---------------------------------------------------------------------------------

Report RTL Partitions: 
+-+--------------+------------+----------+
| |RTL Partition |Replication |Instances |
+-+--------------+------------+----------+
+-+--------------+------------+----------+
---------------------------------------------------------------------------------
Start Applying XDC Timing Constraints
---------------------------------------------------------------------------------
INFO: [Synth 8-5578] Moved timing constraint from pin 'CLK_400_out/clk_400M' to pin 'CLK_400_out/bbstub_clk_400M/O'
INFO: [Synth 8-5819] Moved 1 constraints on hierarchical pins to their respective driving/loading pins
---------------------------------------------------------------------------------
Finished Applying XDC Timing Constraints : Time (s): cpu = 00:00:47 ; elapsed = 00:01:03 . Memory (MB): peak = 737.602 ; gain = 483.734
---------------------------------------------------------------------------------
---------------------------------------------------------------------------------
Start Timing Optimization
---------------------------------------------------------------------------------
---------------------------------------------------------------------------------
Finished Timing Optimization : Time (s): cpu = 00:00:48 ; elapsed = 00:01:03 . Memory (MB): peak = 757.637 ; gain = 503.770
---------------------------------------------------------------------------------

Report RTL Partitions: 
+-+--------------+------------+----------+
| |RTL Partition |Replication |Instances |
+-+--------------+------------+----------+
+-+--------------+------------+----------+
---------------------------------------------------------------------------------
Start Technology Mapping
---------------------------------------------------------------------------------
---------------------------------------------------------------------------------
Finished Technology Mapping : Time (s): cpu = 00:00:48 ; elapsed = 00:01:04 . Memory (MB): peak = 758.914 ; gain = 505.047
---------------------------------------------------------------------------------

Report RTL Partitions: 
+-+--------------+------------+----------+
| |RTL Partition |Replication |Instances |
+-+--------------+------------+----------+
+-+--------------+------------+----------+
---------------------------------------------------------------------------------
Start IO Insertion
---------------------------------------------------------------------------------
---------------------------------------------------------------------------------
Start Flattening Before IO Insertion
---------------------------------------------------------------------------------
---------------------------------------------------------------------------------
Finished Flattening Before IO Insertion
---------------------------------------------------------------------------------
---------------------------------------------------------------------------------
Start Final Netlist Cleanup
---------------------------------------------------------------------------------
---------------------------------------------------------------------------------
Finished Final Netlist Cleanup
---------------------------------------------------------------------------------
---------------------------------------------------------------------------------
Finished IO Insertion : Time (s): cpu = 00:00:49 ; elapsed = 00:01:05 . Memory (MB): peak = 758.914 ; gain = 505.047
---------------------------------------------------------------------------------

Report Check Netlist: 
+------+------------------+-------+---------+-------+------------------+
|      |Item              |Errors |Warnings |Status |Description       |
+------+------------------+-------+---------+-------+------------------+
|1     |multi_driven_nets |      0|        0|Passed |Multi driven nets |
+------+------------------+-------+---------+-------+------------------+
---------------------------------------------------------------------------------
Start Renaming Generated Instances
---------------------------------------------------------------------------------
---------------------------------------------------------------------------------
Finished Renaming Generated Instances : Time (s): cpu = 00:00:49 ; elapsed = 00:01:05 . Memory (MB): peak = 758.914 ; gain = 505.047
---------------------------------------------------------------------------------

Report RTL Partitions: 
+-+--------------+------------+----------+
| |RTL Partition |Replication |Instances |
+-+--------------+------------+----------+
+-+--------------+------------+----------+
---------------------------------------------------------------------------------
Start Rebuilding User Hierarchy
---------------------------------------------------------------------------------
---------------------------------------------------------------------------------
Finished Rebuilding User Hierarchy : Time (s): cpu = 00:00:49 ; elapsed = 00:01:05 . Memory (MB): peak = 758.914 ; gain = 505.047
---------------------------------------------------------------------------------
---------------------------------------------------------------------------------
Start Renaming Generated Ports
---------------------------------------------------------------------------------
---------------------------------------------------------------------------------
Finished Renaming Generated Ports : Time (s): cpu = 00:00:49 ; elapsed = 00:01:05 . Memory (MB): peak = 758.914 ; gain = 505.047
---------------------------------------------------------------------------------
---------------------------------------------------------------------------------
Start Handling Custom Attributes
---------------------------------------------------------------------------------
---------------------------------------------------------------------------------
Finished Handling Custom Attributes : Time (s): cpu = 00:00:49 ; elapsed = 00:01:05 . Memory (MB): peak = 758.914 ; gain = 505.047
---------------------------------------------------------------------------------
---------------------------------------------------------------------------------
Start Renaming Generated Nets
---------------------------------------------------------------------------------
---------------------------------------------------------------------------------
Finished Renaming Generated Nets : Time (s): cpu = 00:00:49 ; elapsed = 00:01:05 . Memory (MB): peak = 758.914 ; gain = 505.047
---------------------------------------------------------------------------------
---------------------------------------------------------------------------------
Start Writing Synthesis Report
---------------------------------------------------------------------------------

Report BlackBoxes: 
+------+--------------+----------+
|      |BlackBox name |Instances |
+------+--------------+----------+
|1     |clk_wiz_0     |         1|
+------+--------------+----------+

Report Cell Usage: 
+------+----------+------+
|      |Cell      |Count |
+------+----------+------+
|1     |clk_wiz_0 |     1|
|2     |CARRY4    |    23|
|3     |LUT1      |     3|
|4     |LUT2      |     3|
|5     |LUT3      |    25|
|6     |LUT4      |     6|
|7     |LUT5      |     3|
|8     |LUT6      |    13|
|9     |FDCE      |    26|
|10    |FDRE      |    68|
|11    |FDSE      |     1|
|12    |IBUF      |     1|
|13    |OBUF      |     2|
+------+----------+------+

Report Instance Areas: 
+------+-------------+-----------------+------+
|      |Instance     |Module           |Cells |
+------+-------------+-----------------+------+
|1     |top          |                 |   176|
|2     |  pps_1hz    |PPS_out_1hz      |    70|
|3     |  pps_adjust |pps_adjust_phase |   101|
+------+-------------+-----------------+------+
---------------------------------------------------------------------------------
Finished Writing Synthesis Report : Time (s): cpu = 00:00:49 ; elapsed = 00:01:05 . Memory (MB): peak = 758.914 ; gain = 505.047
---------------------------------------------------------------------------------
Synthesis finished with 0 errors, 0 critical warnings and 0 warnings.
Synthesis Optimization Runtime : Time (s): cpu = 00:00:28 ; elapsed = 00:00:46 . Memory (MB): peak = 758.914 ; gain = 170.250
Synthesis Optimization Complete : Time (s): cpu = 00:00:49 ; elapsed = 00:01:06 . Memory (MB): peak = 758.914 ; gain = 505.047
INFO: [Project 1-571] Translating synthesized netlist
INFO: [Netlist 29-17] Analyzing 24 Unisim elements for replacement
INFO: [Netlist 29-28] Unisim Transformation completed in 0 CPU seconds
INFO: [Project 1-570] Preparing netlist for logic optimization
INFO: [Opt 31-140] Inserted 1 IBUFs to IO ports without IO buffers.
INFO: [Opt 31-138] Pushed 0 inverter(s) to 0 load pin(s).
INFO: [Project 1-111] Unisim Transformation Summary:
No Unisim elements were transformed.

INFO: [Common 17-83] Releasing license: Synthesis
27 Infos, 3 Warnings, 0 Critical Warnings and 0 Errors encountered.
synth_design completed successfully
synth_design: Time (s): cpu = 00:00:52 ; elapsed = 00:01:16 . Memory (MB): peak = 758.914 ; gain = 516.891
INFO: [Common 17-1381] The checkpoint 'F:/FPGA_Contest_Proj/PPS/PPS.runs/synth_1/pps_out2.dcp' has been generated.
INFO: [runtcl-4] Executing : report_utilization -file pps_out2_utilization_synth.rpt -pb pps_out2_utilization_synth.pb
report_utilization: Time (s): cpu = 00:00:00 ; elapsed = 00:00:00.270 . Memory (MB): peak = 758.914 ; gain = 0.000
INFO: [Common 17-206] Exiting Vivado at Sun Oct  6 11:37:40 2019...
