Exception at PC 0x000007FEFDC7B87D
Exception at PC 0x000007FEFDC7B87D
Exception at PC 0x000007FEFDC7B87D
Exception at PC 0x000007FEFDC7B87D
Exception at PC 0x000007FEB3A8E132
Attemped to write at address 0x000007FEE6414AA4
Printing stacktrace...

[0]  [0x000007FEB3A8E132]
[1]  [0x000007FEB3A8E132]
[2]  [0x000007FEB3A8E194]
[3]  [0x000007FEB36DD0D7]
[4]  [0x000007FEB35C2BCA]
[5]  [0x000007FEB35C2FD1]
[6]  [0x000007FEB3A8EB2F]
[7]  [0x000007FEB394C19D]
[8]  [0x000007FEB3945942]
[9]  [0x000007FEB3945AB5]
[10] (LdrShutdownProcess+0x1db) [0x00000000775F778B]
[11] (RtlExitUserProcess+0x90) [0x00000000775FC1E0]
[12] (wcstoui64+0x2fa) [0x000007FEFEF899E2]
[13]  [0x00000000004014CD]
[14]  [0x000000000040151B]
[15] (BaseThreadInitThunk+0xd) [0x000000007719556D]
[16] (RtlUserThreadStart+0x1d) [0x000000007761385D]
Done
