Vivado Simulator 2017.4
Time resolution is 1 ps
                   0  CLK_400M:0,LOCKED:x,CLK:0
                   0  CLK_400M:0,LOCKED:0,CLK:0
                   5  CLK_400M:0,LOCKED:0,CLK:1
                  10  CLK_400M:0,LOCKED:0,CLK:0
                  15  CLK_400M:0,LOCKED:0,CLK:1
                  20  CLK_400M:0,LOCKED:0,CLK:0
                  25  CLK_400M:0,LOCKED:0,CLK:1
                  30  CLK_400M:0,LOCKED:0,CLK:0
                  35  CLK_400M:0,LOCKED:0,CLK:1
                  40  CLK_400M:0,LOCKED:0,CLK:0
                  45  CLK_400M:0,LOCKED:0,CLK:1
                  50  CLK_400M:0,LOCKED:0,CLK:0
                  55  CLK_400M:0,LOCKED:0,CLK:1
                  60  CLK_400M:0,LOCKED:0,CLK:0
                  65  CLK_400M:0,LOCKED:0,CLK:1
                  70  CLK_400M:0,LOCKED:0,CLK:0
                  75  CLK_400M:0,LOCKED:0,CLK:1
                  80  CLK_400M:0,LOCKED:0,CLK:0
                  85  CLK_400M:0,LOCKED:0,CLK:1
                  90  CLK_400M:0,LOCKED:0,CLK:0
                  95  CLK_400M:0,LOCKED:0,CLK:1
                 100  CLK_400M:0,LOCKED:0,CLK:0
                 105  CLK_400M:1,LOCKED:0,CLK:1
                 110  CLK_400M:1,LOCKED:0,CLK:0
                 115  CLK_400M:0,LOCKED:0,CLK:1
                 120  CLK_400M:0,LOCKED:0,CLK:0
                 125  CLK_400M:0,LOCKED:0,CLK:1
                 130  CLK_400M:0,LOCKED:0,CLK:0
                 135  CLK_400M:0,LOCKED:0,CLK:1
                 140  CLK_400M:0,LOCKED:0,CLK:0
                 145  CLK_400M:0,LOCKED:0,CLK:1
                 150  CLK_400M:0,LOCKED:0,CLK:0
                 155  CLK_400M:0,LOCKED:0,CLK:1
                 160  CLK_400M:0,LOCKED:0,CLK:0
                 165  CLK_400M:0,LOCKED:0,CLK:1
                 170  CLK_400M:0,LOCKED:0,CLK:0
                 175  CLK_400M:0,LOCKED:0,CLK:1
                 180  CLK_400M:0,LOCKED:0,CLK:0
                 185  CLK_400M:0,LOCKED:0,CLK:1
                 190  CLK_400M:0,LOCKED:0,CLK:0
                 195  CLK_400M:0,LOCKED:0,CLK:1
                 200  CLK_400M:0,LOCKED:0,CLK:0
                 205  CLK_400M:0,LOCKED:0,CLK:1
                 210  CLK_400M:0,LOCKED:0,CLK:0
                 215  CLK_400M:0,LOCKED:0,CLK:1
                 220  CLK_400M:0,LOCKED:0,CLK:0
                 225  CLK_400M:0,LOCKED:0,CLK:1
                 230  CLK_400M:0,LOCKED:0,CLK:0
                 235  CLK_400M:0,LOCKED:0,CLK:1
                 240  CLK_400M:0,LOCKED:0,CLK:0
                 245  CLK_400M:0,LOCKED:0,CLK:1
                 250  CLK_400M:0,LOCKED:0,CLK:0
                 255  CLK_400M:0,LOCKED:0,CLK:1
                 260  CLK_400M:0,LOCKED:0,CLK:0
                 265  CLK_400M:0,LOCKED:0,CLK:1
                 270  CLK_400M:0,LOCKED:0,CLK:0
                 275  CLK_400M:0,LOCKED:0,CLK:1
                 280  CLK_400M:0,LOCKED:0,CLK:0
                 285  CLK_400M:0,LOCKED:0,CLK:1
                 290  CLK_400M:0,LOCKED:0,CLK:0
                 295  CLK_400M:0,LOCKED:0,CLK:1
                 300  CLK_400M:0,LOCKED:0,CLK:0
                 305  CLK_400M:0,LOCKED:0,CLK:1
                 310  CLK_400M:0,LOCKED:0,CLK:0
                 315  CLK_400M:0,LOCKED:0,CLK:1
                 320  CLK_400M:0,LOCKED:0,CLK:0
                 325  CLK_400M:0,LOCKED:0,CLK:1
                 330  CLK_400M:0,LOCKED:0,CLK:0
                 335  CLK_400M:0,LOCKED:0,CLK:1
                 340  CLK_400M:0,LOCKED:0,CLK:0
                 345  CLK_400M:0,LOCKED:0,CLK:1
                 350  CLK_400M:0,LOCKED:0,CLK:0
                 355  CLK_400M:0,LOCKED:0,CLK:1
                 360  CLK_400M:0,LOCKED:0,CLK:0
                 365  CLK_400M:0,LOCKED:0,CLK:1
                 370  CLK_400M:0,LOCKED:0,CLK:0
                 375  CLK_400M:0,LOCKED:0,CLK:1
                 380  CLK_400M:0,LOCKED:0,CLK:0
                 385  CLK_400M:1,LOCKED:0,CLK:1
                 386  CLK_400M:0,LOCKED:0,CLK:1
                 388  CLK_400M:1,LOCKED:0,CLK:1
                 389  CLK_400M:0,LOCKED:0,CLK:1
                 390  CLK_400M:1,LOCKED:0,CLK:0
                 391  CLK_400M:0,LOCKED:0,CLK:0
                 393  CLK_400M:1,LOCKED:0,CLK:0
                 394  CLK_400M:0,LOCKED:0,CLK:0
                 395  CLK_400M:1,LOCKED:0,CLK:1
                 396  CLK_400M:0,LOCKED:0,CLK:1
                 398  CLK_400M:1,LOCKED:0,CLK:1
                 399  CLK_400M:0,LOCKED:0,CLK:1
                 400  CLK_400M:1,LOCKED:0,CLK:0
                 401  CLK_400M:0,LOCKED:0,CLK:0
                 403  CLK_400M:1,LOCKED:0,CLK:0
                 404  CLK_400M:0,LOCKED:0,CLK:0
                 405  CLK_400M:1,LOCKED:0,CLK:1
                 406  CLK_400M:0,LOCKED:0,CLK:1
                 408  CLK_400M:1,LOCKED:0,CLK:1
                 409  CLK_400M:0,LOCKED:0,CLK:1
                 410  CLK_400M:1,LOCKED:0,CLK:0
                 411  CLK_400M:0,LOCKED:0,CLK:0
                 413  CLK_400M:1,LOCKED:0,CLK:0
                 414  CLK_400M:0,LOCKED:0,CLK:0
                 415  CLK_400M:1,LOCKED:0,CLK:1
                 416  CLK_400M:0,LOCKED:0,CLK:1
                 418  CLK_400M:1,LOCKED:0,CLK:1
                 419  CLK_400M:0,LOCKED:0,CLK:1
                 420  CLK_400M:1,LOCKED:0,CLK:0
                 421  CLK_400M:0,LOCKED:0,CLK:0
                 423  CLK_400M:1,LOCKED:0,CLK:0
                 424  CLK_400M:0,LOCKED:0,CLK:0
                 425  CLK_400M:1,LOCKED:0,CLK:1
                 426  CLK_400M:0,LOCKED:0,CLK:1
                 428  CLK_400M:1,LOCKED:0,CLK:1
                 429  CLK_400M:0,LOCKED:0,CLK:1
                 430  CLK_400M:1,LOCKED:0,CLK:0
                 431  CLK_400M:0,LOCKED:0,CLK:0
                 433  CLK_400M:1,LOCKED:0,CLK:0
                 434  CLK_400M:0,LOCKED:0,CLK:0
                 435  CLK_400M:1,LOCKED:0,CLK:1
                 436  CLK_400M:0,LOCKED:0,CLK:1
                 438  CLK_400M:1,LOCKED:0,CLK:1
                 439  CLK_400M:0,LOCKED:0,CLK:1
                 440  CLK_400M:1,LOCKED:0,CLK:0
                 441  CLK_400M:0,LOCKED:0,CLK:0
                 443  CLK_400M:1,LOCKED:0,CLK:0
                 444  CLK_400M:0,LOCKED:0,CLK:0
                 445  CLK_400M:1,LOCKED:0,CLK:1
                 446  CLK_400M:0,LOCKED:0,CLK:1
                 448  CLK_400M:1,LOCKED:0,CLK:1
                 449  CLK_400M:0,LOCKED:0,CLK:1
                 450  CLK_400M:1,LOCKED:0,CLK:0
                 451  CLK_400M:0,LOCKED:0,CLK:0
                 453  CLK_400M:1,LOCKED:0,CLK:0
                 454  CLK_400M:0,LOCKED:0,CLK:0
                 455  CLK_400M:1,LOCKED:0,CLK:1
                 456  CLK_400M:0,LOCKED:0,CLK:1
                 458  CLK_400M:1,LOCKED:0,CLK:1
                 459  CLK_400M:0,LOCKED:0,CLK:1
                 460  CLK_400M:1,LOCKED:0,CLK:0
                 461  CLK_400M:0,LOCKED:0,CLK:0
                 463  CLK_400M:1,LOCKED:0,CLK:0
                 464  CLK_400M:0,LOCKED:0,CLK:0
                 465  CLK_400M:1,LOCKED:0,CLK:1
                 466  CLK_400M:0,LOCKED:0,CLK:1
                 468  CLK_400M:1,LOCKED:0,CLK:1
                 469  CLK_400M:0,LOCKED:0,CLK:1
                 470  CLK_400M:1,LOCKED:0,CLK:0
                 471  CLK_400M:0,LOCKED:0,CLK:0
                 473  CLK_400M:1,LOCKED:0,CLK:0
                 474  CLK_400M:0,LOCKED:0,CLK:0
                 475  CLK_400M:1,LOCKED:0,CLK:1
                 476  CLK_400M:0,LOCKED:0,CLK:1
                 478  CLK_400M:1,LOCKED:0,CLK:1
                 479  CLK_400M:0,LOCKED:0,CLK:1
                 480  CLK_400M:1,LOCKED:0,CLK:0
                 481  CLK_400M:0,LOCKED:0,CLK:0
                 483  CLK_400M:1,LOCKED:0,CLK:0
                 484  CLK_400M:0,LOCKED:0,CLK:0
                 485  CLK_400M:1,LOCKED:0,CLK:1
                 486  CLK_400M:0,LOCKED:0,CLK:1
                 488  CLK_400M:1,LOCKED:0,CLK:1
                 489  CLK_400M:0,LOCKED:0,CLK:1
                 490  CLK_400M:1,LOCKED:0,CLK:0
                 491  CLK_400M:0,LOCKED:0,CLK:0
                 493  CLK_400M:1,LOCKED:0,CLK:0
                 494  CLK_400M:0,LOCKED:0,CLK:0
                 495  CLK_400M:1,LOCKED:0,CLK:1
                 496  CLK_400M:0,LOCKED:0,CLK:1
                 498  CLK_400M:1,LOCKED:0,CLK:1
                 499  CLK_400M:0,LOCKED:0,CLK:1
                 500  CLK_400M:1,LOCKED:0,CLK:0
                 501  CLK_400M:0,LOCKED:0,CLK:0
                 503  CLK_400M:1,LOCKED:0,CLK:0
                 504  CLK_400M:0,LOCKED:0,CLK:0
                 505  CLK_400M:1,LOCKED:0,CLK:1
                 506  CLK_400M:0,LOCKED:0,CLK:1
                 508  CLK_400M:1,LOCKED:0,CLK:1
                 509  CLK_400M:0,LOCKED:0,CLK:1
                 510  CLK_400M:1,LOCKED:0,CLK:0
                 511  CLK_400M:0,LOCKED:0,CLK:0
                 513  CLK_400M:1,LOCKED:0,CLK:0
                 514  CLK_400M:0,LOCKED:0,CLK:0
                 515  CLK_400M:1,LOCKED:0,CLK:1
                 516  CLK_400M:0,LOCKED:0,CLK:1
                 518  CLK_400M:1,LOCKED:0,CLK:1
                 519  CLK_400M:0,LOCKED:0,CLK:1
                 520  CLK_400M:1,LOCKED:0,CLK:0
                 521  CLK_400M:0,LOCKED:0,CLK:0
                 523  CLK_400M:1,LOCKED:0,CLK:0
                 524  CLK_400M:0,LOCKED:0,CLK:0
                 525  CLK_400M:1,LOCKED:0,CLK:1
                 526  CLK_400M:0,LOCKED:0,CLK:1
                 528  CLK_400M:1,LOCKED:0,CLK:1
                 529  CLK_400M:0,LOCKED:0,CLK:1
                 530  CLK_400M:1,LOCKED:0,CLK:0
                 531  CLK_400M:0,LOCKED:0,CLK:0
                 533  CLK_400M:1,LOCKED:0,CLK:0
                 534  CLK_400M:0,LOCKED:0,CLK:0
                 535  CLK_400M:1,LOCKED:0,CLK:1
                 536  CLK_400M:0,LOCKED:0,CLK:1
                 538  CLK_400M:1,LOCKED:0,CLK:1
                 539  CLK_400M:0,LOCKED:0,CLK:1
                 540  CLK_400M:1,LOCKED:0,CLK:0
                 541  CLK_400M:0,LOCKED:0,CLK:0
                 543  CLK_400M:1,LOCKED:0,CLK:0
                 544  CLK_400M:0,LOCKED:0,CLK:0
                 545  CLK_400M:1,LOCKED:0,CLK:1
                 546  CLK_400M:0,LOCKED:0,CLK:1
                 548  CLK_400M:1,LOCKED:0,CLK:1
                 549  CLK_400M:0,LOCKED:0,CLK:1
                 550  CLK_400M:1,LOCKED:0,CLK:0
                 551  CLK_400M:0,LOCKED:0,CLK:0
                 553  CLK_400M:1,LOCKED:0,CLK:0
                 554  CLK_400M:0,LOCKED:0,CLK:0
                 555  CLK_400M:1,LOCKED:0,CLK:1
                 556  CLK_400M:0,LOCKED:0,CLK:1
                 558  CLK_400M:1,LOCKED:0,CLK:1
                 559  CLK_400M:0,LOCKED:0,CLK:1
                 560  CLK_400M:1,LOCKED:0,CLK:0
                 561  CLK_400M:0,LOCKED:0,CLK:0
                 563  CLK_400M:1,LOCKED:0,CLK:0
                 564  CLK_400M:0,LOCKED:0,CLK:0
                 565  CLK_400M:1,LOCKED:0,CLK:1
                 566  CLK_400M:0,LOCKED:0,CLK:1
                 568  CLK_400M:1,LOCKED:0,CLK:1
                 569  CLK_400M:0,LOCKED:0,CLK:1
                 570  CLK_400M:1,LOCKED:0,CLK:0
                 571  CLK_400M:0,LOCKED:0,CLK:0
                 573  CLK_400M:1,LOCKED:0,CLK:0
                 574  CLK_400M:0,LOCKED:0,CLK:0
                 575  CLK_400M:1,LOCKED:0,CLK:1
                 576  CLK_400M:0,LOCKED:0,CLK:1
                 578  CLK_400M:1,LOCKED:0,CLK:1
                 579  CLK_400M:0,LOCKED:0,CLK:1
                 580  CLK_400M:1,LOCKED:0,CLK:0
                 581  CLK_400M:0,LOCKED:0,CLK:0
                 583  CLK_400M:1,LOCKED:0,CLK:0
                 584  CLK_400M:0,LOCKED:0,CLK:0
                 585  CLK_400M:1,LOCKED:0,CLK:1
                 586  CLK_400M:0,LOCKED:0,CLK:1
                 588  CLK_400M:1,LOCKED:0,CLK:1
                 589  CLK_400M:0,LOCKED:0,CLK:1
                 590  CLK_400M:1,LOCKED:0,CLK:0
                 591  CLK_400M:0,LOCKED:0,CLK:0
                 593  CLK_400M:1,LOCKED:0,CLK:0
                 594  CLK_400M:0,LOCKED:0,CLK:0
                 595  CLK_400M:1,LOCKED:0,CLK:1
                 596  CLK_400M:0,LOCKED:0,CLK:1
                 598  CLK_400M:1,LOCKED:0,CLK:1
                 599  CLK_400M:0,LOCKED:0,CLK:1
                 600  CLK_400M:1,LOCKED:0,CLK:0
                 601  CLK_400M:0,LOCKED:0,CLK:0
                 603  CLK_400M:1,LOCKED:0,CLK:0
                 604  CLK_400M:0,LOCKED:0,CLK:0
                 605  CLK_400M:1,LOCKED:0,CLK:1
                 606  CLK_400M:0,LOCKED:0,CLK:1
                 608  CLK_400M:1,LOCKED:0,CLK:1
                 609  CLK_400M:0,LOCKED:0,CLK:1
                 610  CLK_400M:1,LOCKED:0,CLK:0
                 611  CLK_400M:0,LOCKED:0,CLK:0
                 613  CLK_400M:1,LOCKED:0,CLK:0
                 614  CLK_400M:0,LOCKED:0,CLK:0
                 615  CLK_400M:1,LOCKED:0,CLK:1
                 616  CLK_400M:0,LOCKED:0,CLK:1
                 618  CLK_400M:1,LOCKED:0,CLK:1
                 619  CLK_400M:0,LOCKED:0,CLK:1
                 620  CLK_400M:1,LOCKED:0,CLK:0
                 621  CLK_400M:0,LOCKED:0,CLK:0
                 623  CLK_400M:1,LOCKED:0,CLK:0
                 624  CLK_400M:0,LOCKED:0,CLK:0
                 625  CLK_400M:1,LOCKED:0,CLK:1
                 625  CLK_400M:1,LOCKED:1,CLK:1
                 626  CLK_400M:0,LOCKED:1,CLK:1
                 628  CLK_400M:1,LOCKED:1,CLK:1
                 629  CLK_400M:0,LOCKED:1,CLK:1
                 630  CLK_400M:1,LOCKED:1,CLK:0
                 631  CLK_400M:0,LOCKED:1,CLK:0
                 633  CLK_400M:1,LOCKED:1,CLK:0
                 634  CLK_400M:0,LOCKED:1,CLK:0
                 635  CLK_400M:1,LOCKED:1,CLK:1
                 636  CLK_400M:0,LOCKED:1,CLK:1
                 638  CLK_400M:1,LOCKED:1,CLK:1
                 639  CLK_400M:0,LOCKED:1,CLK:1
                 640  CLK_400M:1,LOCKED:1,CLK:0
                 641  CLK_400M:0,LOCKED:1,CLK:0
                 643  CLK_400M:1,LOCKED:1,CLK:0
                 644  CLK_400M:0,LOCKED:1,CLK:0
                 645  CLK_400M:1,LOCKED:1,CLK:1
                 646  CLK_400M:0,LOCKED:1,CLK:1
                 648  CLK_400M:1,LOCKED:1,CLK:1
                 649  CLK_400M:0,LOCKED:1,CLK:1
                 650  CLK_400M:1,LOCKED:1,CLK:0
                 651  CLK_400M:0,LOCKED:1,CLK:0
                 653  CLK_400M:1,LOCKED:1,CLK:0
                 654  CLK_400M:0,LOCKED:1,CLK:0
                 655  CLK_400M:1,LOCKED:1,CLK:1
                 656  CLK_400M:0,LOCKED:1,CLK:1
                 658  CLK_400M:1,LOCKED:1,CLK:1
                 659  CLK_400M:0,LOCKED:1,CLK:1
                 660  CLK_400M:1,LOCKED:1,CLK:0
                 661  CLK_400M:0,LOCKED:1,CLK:0
                 663  CLK_400M:1,LOCKED:1,CLK:0
                 664  CLK_400M:0,LOCKED:1,CLK:0
                 665  CLK_400M:1,LOCKED:1,CLK:1
                 666  CLK_400M:0,LOCKED:1,CLK:1
                 668  CLK_400M:1,LOCKED:1,CLK:1
                 669  CLK_400M:0,LOCKED:1,CLK:1
                 670  CLK_400M:1,LOCKED:1,CLK:0
                 671  CLK_400M:0,LOCKED:1,CLK:0
                 673  CLK_400M:1,LOCKED:1,CLK:0
                 674  CLK_400M:0,LOCKED:1,CLK:0
                 675  CLK_400M:1,LOCKED:1,CLK:1
                 676  CLK_400M:0,LOCKED:1,CLK:1
                 678  CLK_400M:1,LOCKED:1,CLK:1
                 679  CLK_400M:0,LOCKED:1,CLK:1
                 680  CLK_400M:1,LOCKED:1,CLK:0
                 681  CLK_400M:0,LOCKED:1,CLK:0
                 683  CLK_400M:1,LOCKED:1,CLK:0
                 684  CLK_400M:0,LOCKED:1,CLK:0
                 685  CLK_400M:1,LOCKED:1,CLK:1
                 686  CLK_400M:0,LOCKED:1,CLK:1
                 688  CLK_400M:1,LOCKED:1,CLK:1
                 689  CLK_400M:0,LOCKED:1,CLK:1
                 690  CLK_400M:1,LOCKED:1,CLK:0
                 691  CLK_400M:0,LOCKED:1,CLK:0
                 693  CLK_400M:1,LOCKED:1,CLK:0
                 694  CLK_400M:0,LOCKED:1,CLK:0
                 695  CLK_400M:1,LOCKED:1,CLK:1
                 696  CLK_400M:0,LOCKED:1,CLK:1
                 698  CLK_400M:1,LOCKED:1,CLK:1
                 699  CLK_400M:0,LOCKED:1,CLK:1
                 700  CLK_400M:1,LOCKED:1,CLK:0
                 701  CLK_400M:0,LOCKED:1,CLK:0
                 703  CLK_400M:1,LOCKED:1,CLK:0
                 704  CLK_400M:0,LOCKED:1,CLK:0
                 705  CLK_400M:1,LOCKED:1,CLK:1
                 706  CLK_400M:0,LOCKED:1,CLK:1
                 708  CLK_400M:1,LOCKED:1,CLK:1
                 709  CLK_400M:0,LOCKED:1,CLK:1
                 710  CLK_400M:1,LOCKED:1,CLK:0
                 711  CLK_400M:0,LOCKED:1,CLK:0
                 713  CLK_400M:1,LOCKED:1,CLK:0
                 714  CLK_400M:0,LOCKED:1,CLK:0
                 715  CLK_400M:1,LOCKED:1,CLK:1
                 716  CLK_400M:0,LOCKED:1,CLK:1
                 718  CLK_400M:1,LOCKED:1,CLK:1
                 719  CLK_400M:0,LOCKED:1,CLK:1
                 720  CLK_400M:1,LOCKED:1,CLK:0
                 721  CLK_400M:0,LOCKED:1,CLK:0
                 723  CLK_400M:1,LOCKED:1,CLK:0
                 724  CLK_400M:0,LOCKED:1,CLK:0
                 725  CLK_400M:1,LOCKED:1,CLK:1
                 726  CLK_400M:0,LOCKED:1,CLK:1
                 728  CLK_400M:1,LOCKED:1,CLK:1
                 729  CLK_400M:0,LOCKED:1,CLK:1
                 730  CLK_400M:1,LOCKED:1,CLK:0
                 731  CLK_400M:0,LOCKED:1,CLK:0
                 733  CLK_400M:1,LOCKED:1,CLK:0
                 734  CLK_400M:0,LOCKED:1,CLK:0
                 735  CLK_400M:1,LOCKED:1,CLK:1
                 736  CLK_400M:0,LOCKED:1,CLK:1
                 738  CLK_400M:1,LOCKED:1,CLK:1
                 739  CLK_400M:0,LOCKED:1,CLK:1
                 740  CLK_400M:1,LOCKED:1,CLK:0
                 741  CLK_400M:0,LOCKED:1,CLK:0
                 743  CLK_400M:1,LOCKED:1,CLK:0
                 744  CLK_400M:0,LOCKED:1,CLK:0
                 745  CLK_400M:1,LOCKED:1,CLK:1
                 746  CLK_400M:0,LOCKED:1,CLK:1
                 748  CLK_400M:1,LOCKED:1,CLK:1
                 749  CLK_400M:0,LOCKED:1,CLK:1
                 750  CLK_400M:1,LOCKED:1,CLK:0
                 751  CLK_400M:0,LOCKED:1,CLK:0
                 753  CLK_400M:1,LOCKED:1,CLK:0
                 754  CLK_400M:0,LOCKED:1,CLK:0
                 755  CLK_400M:1,LOCKED:1,CLK:1
                 756  CLK_400M:0,LOCKED:1,CLK:1
                 758  CLK_400M:1,LOCKED:1,CLK:1
                 759  CLK_400M:0,LOCKED:1,CLK:1
                 760  CLK_400M:1,LOCKED:1,CLK:0
                 761  CLK_400M:0,LOCKED:1,CLK:0
                 763  CLK_400M:1,LOCKED:1,CLK:0
                 764  CLK_400M:0,LOCKED:1,CLK:0
                 765  CLK_400M:1,LOCKED:1,CLK:1
                 766  CLK_400M:0,LOCKED:1,CLK:1
                 768  CLK_400M:1,LOCKED:1,CLK:1
                 769  CLK_400M:0,LOCKED:1,CLK:1
                 770  CLK_400M:1,LOCKED:1,CLK:0
                 771  CLK_400M:0,LOCKED:1,CLK:0
                 773  CLK_400M:1,LOCKED:1,CLK:0
                 774  CLK_400M:0,LOCKED:1,CLK:0
                 775  CLK_400M:1,LOCKED:1,CLK:1
                 776  CLK_400M:0,LOCKED:1,CLK:1
                 778  CLK_400M:1,LOCKED:1,CLK:1
                 779  CLK_400M:0,LOCKED:1,CLK:1
                 780  CLK_400M:1,LOCKED:1,CLK:0
                 781  CLK_400M:0,LOCKED:1,CLK:0
                 783  CLK_400M:1,LOCKED:1,CLK:0
                 784  CLK_400M:0,LOCKED:1,CLK:0
                 785  CLK_400M:1,LOCKED:1,CLK:1
                 786  CLK_400M:0,LOCKED:1,CLK:1
                 788  CLK_400M:1,LOCKED:1,CLK:1
                 789  CLK_400M:0,LOCKED:1,CLK:1
                 790  CLK_400M:1,LOCKED:1,CLK:0
                 791  CLK_400M:0,LOCKED:1,CLK:0
                 793  CLK_400M:1,LOCKED:1,CLK:0
                 794  CLK_400M:0,LOCKED:1,CLK:0
                 795  CLK_400M:1,LOCKED:1,CLK:1
                 796  CLK_400M:0,LOCKED:1,CLK:1
                 798  CLK_400M:1,LOCKED:1,CLK:1
                 799  CLK_400M:0,LOCKED:1,CLK:1
                 800  CLK_400M:1,LOCKED:1,CLK:0
                 801  CLK_400M:0,LOCKED:1,CLK:0
                 803  CLK_400M:1,LOCKED:1,CLK:0
                 804  CLK_400M:0,LOCKED:1,CLK:0
                 805  CLK_400M:1,LOCKED:1,CLK:1
                 806  CLK_400M:0,LOCKED:1,CLK:1
                 808  CLK_400M:1,LOCKED:1,CLK:1
                 809  CLK_400M:0,LOCKED:1,CLK:1
                 810  CLK_400M:1,LOCKED:1,CLK:0
                 811  CLK_400M:0,LOCKED:1,CLK:0
                 813  CLK_400M:1,LOCKED:1,CLK:0
                 814  CLK_400M:0,LOCKED:1,CLK:0
                 815  CLK_400M:1,LOCKED:1,CLK:1
                 816  CLK_400M:0,LOCKED:1,CLK:1
                 818  CLK_400M:1,LOCKED:1,CLK:1
                 819  CLK_400M:0,LOCKED:1,CLK:1
                 820  CLK_400M:1,LOCKED:1,CLK:0
                 821  CLK_400M:0,LOCKED:1,CLK:0
                 823  CLK_400M:1,LOCKED:1,CLK:0
                 824  CLK_400M:0,LOCKED:1,CLK:0
                 825  CLK_400M:1,LOCKED:1,CLK:1
                 826  CLK_400M:0,LOCKED:1,CLK:1
                 828  CLK_400M:1,LOCKED:1,CLK:1
                 829  CLK_400M:0,LOCKED:1,CLK:1
                 830  CLK_400M:1,LOCKED:1,CLK:0
                 831  CLK_400M:0,LOCKED:1,CLK:0
                 833  CLK_400M:1,LOCKED:1,CLK:0
                 834  CLK_400M:0,LOCKED:1,CLK:0
                 835  CLK_400M:1,LOCKED:1,CLK:1
                 836  CLK_400M:0,LOCKED:1,CLK:1
                 838  CLK_400M:1,LOCKED:1,CLK:1
                 839  CLK_400M:0,LOCKED:1,CLK:1
                 840  CLK_400M:1,LOCKED:1,CLK:0
                 841  CLK_400M:0,LOCKED:1,CLK:0
                 843  CLK_400M:1,LOCKED:1,CLK:0
                 844  CLK_400M:0,LOCKED:1,CLK:0
                 845  CLK_400M:1,LOCKED:1,CLK:1
                 846  CLK_400M:0,LOCKED:1,CLK:1
                 848  CLK_400M:1,LOCKED:1,CLK:1
                 849  CLK_400M:0,LOCKED:1,CLK:1
                 850  CLK_400M:1,LOCKED:1,CLK:0
                 851  CLK_400M:0,LOCKED:1,CLK:0
                 853  CLK_400M:1,LOCKED:1,CLK:0
                 854  CLK_400M:0,LOCKED:1,CLK:0
                 855  CLK_400M:1,LOCKED:1,CLK:1
                 856  CLK_400M:0,LOCKED:1,CLK:1
                 858  CLK_400M:1,LOCKED:1,CLK:1
                 859  CLK_400M:0,LOCKED:1,CLK:1
                 860  CLK_400M:1,LOCKED:1,CLK:0
                 861  CLK_400M:0,LOCKED:1,CLK:0
                 863  CLK_400M:1,LOCKED:1,CLK:0
                 864  CLK_400M:0,LOCKED:1,CLK:0
                 865  CLK_400M:1,LOCKED:1,CLK:1
                 866  CLK_400M:0,LOCKED:1,CLK:1
                 868  CLK_400M:1,LOCKED:1,CLK:1
                 869  CLK_400M:0,LOCKED:1,CLK:1
                 870  CLK_400M:1,LOCKED:1,CLK:0
                 871  CLK_400M:0,LOCKED:1,CLK:0
                 873  CLK_400M:1,LOCKED:1,CLK:0
                 874  CLK_400M:0,LOCKED:1,CLK:0
                 875  CLK_400M:1,LOCKED:1,CLK:1
                 876  CLK_400M:0,LOCKED:1,CLK:1
                 878  CLK_400M:1,LOCKED:1,CLK:1
                 879  CLK_400M:0,LOCKED:1,CLK:1
                 880  CLK_400M:1,LOCKED:1,CLK:0
                 881  CLK_400M:0,LOCKED:1,CLK:0
                 883  CLK_400M:1,LOCKED:1,CLK:0
                 884  CLK_400M:0,LOCKED:1,CLK:0
                 885  CLK_400M:1,LOCKED:1,CLK:1
                 886  CLK_400M:0,LOCKED:1,CLK:1
                 888  CLK_400M:1,LOCKED:1,CLK:1
                 889  CLK_400M:0,LOCKED:1,CLK:1
                 890  CLK_400M:1,LOCKED:1,CLK:0
                 891  CLK_400M:0,LOCKED:1,CLK:0
                 893  CLK_400M:1,LOCKED:1,CLK:0
                 894  CLK_400M:0,LOCKED:1,CLK:0
                 895  CLK_400M:1,LOCKED:1,CLK:1
                 896  CLK_400M:0,LOCKED:1,CLK:1
                 898  CLK_400M:1,LOCKED:1,CLK:1
                 899  CLK_400M:0,LOCKED:1,CLK:1
                 900  CLK_400M:1,LOCKED:1,CLK:0
                 901  CLK_400M:0,LOCKED:1,CLK:0
                 903  CLK_400M:1,LOCKED:1,CLK:0
                 904  CLK_400M:0,LOCKED:1,CLK:0
                 905  CLK_400M:1,LOCKED:1,CLK:1
                 906  CLK_400M:0,LOCKED:1,CLK:1
                 908  CLK_400M:1,LOCKED:1,CLK:1
                 909  CLK_400M:0,LOCKED:1,CLK:1
                 910  CLK_400M:1,LOCKED:1,CLK:0
                 911  CLK_400M:0,LOCKED:1,CLK:0
                 913  CLK_400M:1,LOCKED:1,CLK:0
                 914  CLK_400M:0,LOCKED:1,CLK:0
                 915  CLK_400M:1,LOCKED:1,CLK:1
                 916  CLK_400M:0,LOCKED:1,CLK:1
                 918  CLK_400M:1,LOCKED:1,CLK:1
                 919  CLK_400M:0,LOCKED:1,CLK:1
                 920  CLK_400M:1,LOCKED:1,CLK:0
                 921  CLK_400M:0,LOCKED:1,CLK:0
                 923  CLK_400M:1,LOCKED:1,CLK:0
                 924  CLK_400M:0,LOCKED:1,CLK:0
                 925  CLK_400M:1,LOCKED:1,CLK:1
                 926  CLK_400M:0,LOCKED:1,CLK:1
                 928  CLK_400M:1,LOCKED:1,CLK:1
                 929  CLK_400M:0,LOCKED:1,CLK:1
                 930  CLK_400M:1,LOCKED:1,CLK:0
                 931  CLK_400M:0,LOCKED:1,CLK:0
                 933  CLK_400M:1,LOCKED:1,CLK:0
                 934  CLK_400M:0,LOCKED:1,CLK:0
                 935  CLK_400M:1,LOCKED:1,CLK:1
                 936  CLK_400M:0,LOCKED:1,CLK:1
                 938  CLK_400M:1,LOCKED:1,CLK:1
                 939  CLK_400M:0,LOCKED:1,CLK:1
                 940  CLK_400M:1,LOCKED:1,CLK:0
                 941  CLK_400M:0,LOCKED:1,CLK:0
                 943  CLK_400M:1,LOCKED:1,CLK:0
                 944  CLK_400M:0,LOCKED:1,CLK:0
                 945  CLK_400M:1,LOCKED:1,CLK:1
                 946  CLK_400M:0,LOCKED:1,CLK:1
                 948  CLK_400M:1,LOCKED:1,CLK:1
                 949  CLK_400M:0,LOCKED:1,CLK:1
                 950  CLK_400M:1,LOCKED:1,CLK:0
                 951  CLK_400M:0,LOCKED:1,CLK:0
                 953  CLK_400M:1,LOCKED:1,CLK:0
                 954  CLK_400M:0,LOCKED:1,CLK:0
                 955  CLK_400M:1,LOCKED:1,CLK:1
                 956  CLK_400M:0,LOCKED:1,CLK:1
                 958  CLK_400M:1,LOCKED:1,CLK:1
                 959  CLK_400M:0,LOCKED:1,CLK:1
                 960  CLK_400M:1,LOCKED:1,CLK:0
                 961  CLK_400M:0,LOCKED:1,CLK:0
                 963  CLK_400M:1,LOCKED:1,CLK:0
                 964  CLK_400M:0,LOCKED:1,CLK:0
                 965  CLK_400M:1,LOCKED:1,CLK:1
                 966  CLK_400M:0,LOCKED:1,CLK:1
                 968  CLK_400M:1,LOCKED:1,CLK:1
                 969  CLK_400M:0,LOCKED:1,CLK:1
                 970  CLK_400M:1,LOCKED:1,CLK:0
                 971  CLK_400M:0,LOCKED:1,CLK:0
                 973  CLK_400M:1,LOCKED:1,CLK:0
                 974  CLK_400M:0,LOCKED:1,CLK:0
                 975  CLK_400M:1,LOCKED:1,CLK:1
                 976  CLK_400M:0,LOCKED:1,CLK:1
                 978  CLK_400M:1,LOCKED:1,CLK:1
                 979  CLK_400M:0,LOCKED:1,CLK:1
                 980  CLK_400M:1,LOCKED:1,CLK:0
                 981  CLK_400M:0,LOCKED:1,CLK:0
                 983  CLK_400M:1,LOCKED:1,CLK:0
                 984  CLK_400M:0,LOCKED:1,CLK:0
                 985  CLK_400M:1,LOCKED:1,CLK:1
                 986  CLK_400M:0,LOCKED:1,CLK:1
                 988  CLK_400M:1,LOCKED:1,CLK:1
                 989  CLK_400M:0,LOCKED:1,CLK:1
                 990  CLK_400M:1,LOCKED:1,CLK:0
                 991  CLK_400M:0,LOCKED:1,CLK:0
                 993  CLK_400M:1,LOCKED:1,CLK:0
                 994  CLK_400M:0,LOCKED:1,CLK:0
                 995  CLK_400M:1,LOCKED:1,CLK:1
                 996  CLK_400M:0,LOCKED:1,CLK:1
                 998  CLK_400M:1,LOCKED:1,CLK:1
                 999  CLK_400M:0,LOCKED:1,CLK:1
$finish called at time : 1 us : File "F:/FPGA_Contest_Proj/Con_proj_led/Con_proj_led.srcs/sim_1/new/led_tb.v" Line 80
